{
  "RSpec": {
    "coverage": {
      "/Users/inceptor/Projects/wdi-4/08-advanced/tdd-blog/config/environment.rb": [
        null,
        1,
        null,
        null,
        1
      ],
      "/Users/inceptor/Projects/wdi-4/08-advanced/tdd-blog/config/application.rb": [
        1,
        null,
        null,
        1,
        1,
        1,
        1,
        null,
        null,
        null,
        null,
        1,
        null,
        1,
        1,
        null,
        null,
        null,
        null,
        null,
        null,
        null,
        null,
        null,
        null,
        null,
        null,
        null
      ],
      "/Users/inceptor/Projects/wdi-4/08-advanced/tdd-blog/config/boot.rb": [
        null,
        1,
        null,
        1
      ],
      "/Users/inceptor/Projects/wdi-4/08-advanced/tdd-blog/config/environments/test.rb": [
        1,
        null,
        null,
        null,
        null,
        null,
        null,
        1,
        null,
        null,
        null,
        null,
        1,
        null,
        null,
        1,
        1,
        null,
        null,
        1,
        1,
        null,
        null,
        1,
        null,
        null,
        1,
        null,
        null,
        null,
        null,
        1,
        null,
        null,
        1,
        null
      ],
      "/Users/inceptor/Projects/wdi-4/08-advanced/tdd-blog/config/initializers/backtrace_silencers.rb": [
        null,
        null,
        null,
        null,
        null,
        null,
        null
      ],
      "/Users/inceptor/Projects/wdi-4/08-advanced/tdd-blog/config/initializers/filter_parameter_logging.rb": [
        null,
        null,
        null,
        1
      ],
      "/Users/inceptor/Projects/wdi-4/08-advanced/tdd-blog/config/initializers/inflections.rb": [
        null,
        null,
        null,
        null,
        null,
        null,
        null,
        null,
        null,
        null,
        null,
        null,
        null,
        null,
        null,
        null
      ],
      "/Users/inceptor/Projects/wdi-4/08-advanced/tdd-blog/config/initializers/mime_types.rb": [
        null,
        null,
        null,
        null,
        null
      ],
      "/Users/inceptor/Projects/wdi-4/08-advanced/tdd-blog/config/initializers/secret_token.rb": [
        null,
        null,
        null,
        null,
        null,
        null,
        null,
        null,
        null,
        null,
        null,
        1
      ],
      "/Users/inceptor/Projects/wdi-4/08-advanced/tdd-blog/config/initializers/session_store.rb": [
        null,
        null,
        1
      ],
      "/Users/inceptor/Projects/wdi-4/08-advanced/tdd-blog/config/initializers/wrap_parameters.rb": [
        null,
        null,
        null,
        null,
        null,
        null,
        1,
        1,
        null,
        null,
        null,
        null,
        null,
        null
      ],
      "/Users/inceptor/Projects/wdi-4/08-advanced/tdd-blog/spec/factories.rb": [

      ],
      "/Users/inceptor/Projects/wdi-4/08-advanced/tdd-blog/spec/factories/comments.rb": [
        null,
        null,
        null,
        null,
        null,
        null,
        null,
        null,
        null,
        null,
        null,
        null,
        null,
        null,
        1,
        1,
        1,
        1,
        1,
        null,
        null
      ],
      "/Users/inceptor/Projects/wdi-4/08-advanced/tdd-blog/spec/factories/posts.rb": [
        null,
        null,
        null,
        null,
        null,
        null,
        null,
        null,
        null,
        null,
        null,
        null,
        null,
        1,
        1,
        125,
        1,
        128,
        1,
        null,
        null
      ],
      "/Users/inceptor/Projects/wdi-4/08-advanced/tdd-blog/config/routes.rb": [
        1,
        null,
        null,
        null,
        null,
        null,
        null,
        null,
        null,
        null,
        null,
        null,
        null,
        null,
        null,
        null,
        null,
        null,
        null,
        null,
        null,
        null,
        null,
        null,
        null,
        null,
        null,
        null,
        null,
        null,
        null,
        null,
        null,
        null,
        null,
        null,
        null,
        null,
        null,
        null,
        null,
        null,
        null,
        null,
        null,
        null,
        null,
        null,
        null,
        null,
        null,
        null,
        null,
        null,
        null,
        null
      ],
      "/Users/inceptor/Projects/wdi-4/08-advanced/tdd-blog/app/helpers/application_helper.rb": [
        1,
        null
      ],
      "/Users/inceptor/Projects/wdi-4/08-advanced/tdd-blog/app/models/comment.rb": [
        null,
        null,
        null,
        null,
        null,
        null,
        null,
        null,
        null,
        null,
        null,
        null,
        1,
        1,
        null
      ],
      "/Users/inceptor/Projects/wdi-4/08-advanced/tdd-blog/spec/models/post_spec.rb": [
        null,
        null,
        null,
        null,
        null,
        null,
        null,
        null,
        null,
        null,
        null,
        null,
        null,
        1,
        null,
        1,
        null,
        2,
        null,
        1,
        1,
        6,
        null,
        null,
        1,
        1,
        1,
        null,
        null,
        1,
        1,
        null,
        null,
        1,
        1,
        null,
        null,
        1,
        1,
        null,
        null,
        1,
        1,
        null,
        null,
        1,
        1,
        null,
        null,
        null,
        1,
        1,
        1,
        3,
        3,
        null,
        null,
        1,
        1,
        null,
        null,
        1,
        1,
        null,
        null,
        1,
        1,
        null,
        null,
        null,
        1,
        1,
        3,
        null,
        null,
        1,
        1,
        null,
        null,
        1,
        1,
        null,
        null,
        1,
        1,
        null,
        null,
        null,
        1,
        1,
        1,
        1,
        null,
        null,
        1,
        1,
        null,
        null,
        null,
        null,
        1,
        1,
        6,
        6,
        null,
        null,
        1,
        1,
        1,
        null,
        null,
        1,
        1,
        10,
        null,
        null,
        null,
        1,
        1,
        null,
        null,
        null,
        1,
        1,
        1,
        null,
        null,
        1,
        1,
        10,
        null,
        null,
        null,
        1,
        1,
        null,
        null,
        null,
        null
      ],
      "/Users/inceptor/Projects/wdi-4/08-advanced/tdd-blog/app/models/post.rb": [
        null,
        null,
        null,
        null,
        null,
        null,
        null,
        null,
        null,
        null,
        null,
        null,
        null,
        1,
        1,
        1,
        null,
        3,
        3,
        null,
        1,
        null
      ]
    },
    "timestamp": 1399344229
  }
}
